* using log directory ‘/home/user/ssdsims/check/ssdsims.Rcheck’
* using R version 4.5.3 (2026-03-11)
* using platform: x86_64-pc-linux-gnu
* R was compiled by
    gcc (Ubuntu 13.3.0-6ubuntu2~24.04.1) 13.3.0
    GNU Fortran (Ubuntu 13.3.0-6ubuntu2~24.04.1) 13.3.0
* running under: Ubuntu 24.04.4 LTS
* using session charset: UTF-8
* using options ‘--no-manual --as-cran’
* checking for file ‘ssdsims/DESCRIPTION’ ... OK
* this is package ‘ssdsims’ version ‘0.0.0.9010’
* package encoding: UTF-8
* checking CRAN incoming feasibility ... [2s/12s] NOTE
Maintainer: ‘Joe Thorley <joe@poissonconsulting.ca>’

Version contains large components (0.0.0.9010)

Unknown, possibly misspelled, fields in DESCRIPTION:
  ‘Remotes’

Found the following (possibly) invalid URLs:
  URL: https://lifecycle.r-lib.org/articles/stages.html#experimental
    From: README.md
    Status: 403
    Message: Forbidden
  URL: https://orcid.org/0000-0002-7683-4592
    From: man/ssdsims-package.Rd
    Status: 403
    Message: Forbidden
  URL: https://poissonconsulting.github.io/ssdsims/
    From: DESCRIPTION
          man/ssdsims-package.Rd
    Status: 403
    Message: Forbidden

Found the following (possibly) invalid ORCID iD:
  iD: 0000-0002-7683-4592	(from: DESCRIPTION)

DESCRIPTION fields with placeholder content:
  Title: what the package does (one line, title case)
  Description: what the package does (one paragraph).
* checking package namespace information ... OK
* checking package dependencies ... OK
* checking if this is a source package ... OK
* checking if there is a namespace ... OK
* checking for executable files ... OK
* checking for hidden files and directories ... OK
* checking for portable file names ... OK
* checking for sufficient/correct file permissions ... OK
* checking whether package ‘ssdsims’ can be installed ... OK
* checking installed package size ... OK
* checking package directory ... OK
* checking for future file timestamps ... NOTE
unable to verify current time
* checking DESCRIPTION meta-information ... OK
* checking top-level files ... OK
* checking for left-over files ... OK
* checking index information ... OK
* checking package subdirectories ... OK
* checking code files for non-ASCII characters ... OK
* checking R files for syntax errors ... OK
* checking whether the package can be loaded ... OK
* checking whether the package can be loaded with stated dependencies ... OK
* checking whether the package can be unloaded cleanly ... OK
* checking whether the namespace can be loaded with stated dependencies ... OK
* checking whether the namespace can be unloaded cleanly ... OK
* checking loading without being on the library search path ... OK
* checking use of S3 registration ... OK
* checking dependencies in R code ... OK
* checking S3 generic/method consistency ... OK
* checking replacement functions ... OK
* checking foreign function calls ... OK
* checking R code for possible problems ... OK
* checking Rd files ... OK
* checking Rd metadata ... OK
* checking Rd line widths ... OK
* checking Rd cross-references ... OK
* checking for missing documentation entries ... OK
* checking for code/documentation mismatches ... OK
* checking Rd \usage sections ... OK
* checking Rd contents ... OK
* checking for unstated dependencies in examples ... OK
* checking examples ... OK
* checking for unstated dependencies in ‘tests’ ... OK
* checking tests ... [17s/17s] OK
  Running ‘testthat.R’ [16s/17s]
* checking for non-standard things in the check directory ... OK
* checking for detritus in the temp directory ... OK
* DONE
Status: 2 NOTEs
